<?xml version="1.0" encoding="UTF-8"?>
<testsuite name="com.bridgelabz.MyBinarySearchTreeTest" tests="1" skipped="0" failures="0" errors="0" timestamp="2021-04-01T09:01:31" hostname="LAPTOP-FPFKM2LM" time="0.033">
  <properties/>
  <testcase name="givenNumbers_WhenAddedToBinaryTree_whenSearched_ShouldReturnTrueIfItExist()" classname="com.bridgelabz.MyBinarySearchTreeTest" time="0.033"/>
  <system-out><![CDATA[63 Found
]]></system-out>
  <system-err><![CDATA[]]></system-err>
</testsuite>
