<?xml version="1.0" encoding="UTF-8"?>
<testsuite name="com.bridgelabz.MyBinarySearchTreeTest" tests="1" skipped="0" failures="0" errors="0" timestamp="2021-04-01T08:51:11" hostname="LAPTOP-FPFKM2LM" time="0.027">
  <properties/>
  <testcase name="givenNumbers_WhenAddedToBinaryTree_ShouldReturnSizeThirteen()" classname="com.bridgelabz.MyBinarySearchTreeTest" time="0.027"/>
  <system-out><![CDATA[]]></system-out>
  <system-err><![CDATA[]]></system-err>
</testsuite>
