<?xml version="1.0" encoding="UTF-8"?>
<testsuite name="com.bridgelabz.MyHashMapTest" tests="1" skipped="0" failures="0" errors="0" timestamp="2021-04-01T07:59:09" hostname="LAPTOP-FPFKM2LM" time="0.034">
  <properties/>
  <testcase name="givenASentenceWhenWordsAreAddedToListShouldReturnWordFrequency()" classname="com.bridgelabz.MyHashMapTest" time="0.034"/>
  <system-out><![CDATA[MyHashMapNodes{MyLinkedListNodes{ MyMapNode { K = to V = 2 -> MyMapNode { K = be V = 2 -> MyMapNode { K = or V = 1 -> MyMapNode { K = not V = 1}}
]]></system-out>
  <system-err><![CDATA[]]></system-err>
</testsuite>
